<?xml version="1.0" encoding="UTF-8"?>
<!-- Generated by org.testng.reporters.JUnitReportReporter -->
<testsuite hostname="Calvin" failures="0" tests="1" name="tests.LoginTest" time="2.854" errors="0" timestamp="2025-05-09T12:44:43 EDT" skipped="0">
  <testcase classname="tests.LoginTest" name="testValidLogin" time="2.854"/>
</testsuite> <!-- tests.LoginTest -->
